#0 building with "desktop-linux" instance using docker driver

#1 [internal] load build definition from Dockerfile
#1 transferring dockerfile: 602B 0.0s done
#1 DONE 0.0s

#2 [internal] load metadata for docker.io/library/python:3.9-slim
#2 DONE 8.0s

#3 [internal] load .dockerignore
#3 transferring context: 2B 0.0s done
#3 DONE 0.1s

#4 [internal] load build context
#4 DONE 0.0s

#5 [1/6] FROM docker.io/library/python:3.9-slim@sha256:4b826e2ca2191c24a03bdbf0c342a73c6ee4ce929eac5ebc47fef78f66b839d6
#5 resolve docker.io/library/python:3.9-slim@sha256:4b826e2ca2191c24a03bdbf0c342a73c6ee4ce929eac5ebc47fef78f66b839d6 0.0s done
#5 DONE 0.4s

#4 [internal] load build context
#4 transferring context: 84.17MB 4.9s
#4 transferring context: 91.22MB 5.4s done
#4 DONE 5.5s

#5 [1/6] FROM docker.io/library/python:3.9-slim@sha256:4b826e2ca2191c24a03bdbf0c342a73c6ee4ce929eac5ebc47fef78f66b839d6
#5 sha256:58b24570cdddb5b19c3f0b31392902adec6f970f3522b1253d83e35cf68a3482 249B / 249B 0.8s done
#5 sha256:02ba7daa58b611ed94c8be35617179d4c23f2697ad7c68d96c0de753049fc5f5 2.10MB / 14.94MB 5.1s
#5 sha256:91067d9e380715f9eefb1d983fd5bd87963b4e1f4ebff09f171db071138341f8 2.10MB / 3.51MB 5.0s
#5 sha256:59e22667830bf04fb35e15ed9c70023e9d121719bb87f0db7f3159ee7c7e0b8d 3.15MB / 28.23MB 5.0s
#5 sha256:02ba7daa58b611ed94c8be35617179d4c23f2697ad7c68d96c0de753049fc5f5 3.15MB / 14.94MB 5.3s
#5 sha256:91067d9e380715f9eefb1d983fd5bd87963b4e1f4ebff09f171db071138341f8 3.15MB / 3.51MB 6.8s
#5 sha256:02ba7daa58b611ed94c8be35617179d4c23f2697ad7c68d96c0de753049fc5f5 4.19MB / 14.94MB 7.1s
#5 sha256:59e22667830bf04fb35e15ed9c70023e9d121719bb87f0db7f3159ee7c7e0b8d 5.24MB / 28.23MB 7.1s
#5 sha256:91067d9e380715f9eefb1d983fd5bd87963b4e1f4ebff09f171db071138341f8 3.51MB / 3.51MB 7.2s done
#5 sha256:02ba7daa58b611ed94c8be35617179d4c23f2697ad7c68d96c0de753049fc5f5 5.24MB / 14.94MB 8.6s
#5 sha256:59e22667830bf04fb35e15ed9c70023e9d121719bb87f0db7f3159ee7c7e0b8d 7.34MB / 28.23MB 9.0s
#5 sha256:02ba7daa58b611ed94c8be35617179d4c23f2697ad7c68d96c0de753049fc5f5 6.29MB / 14.94MB 9.6s
#5 sha256:59e22667830bf04fb35e15ed9c70023e9d121719bb87f0db7f3159ee7c7e0b8d 9.44MB / 28.23MB 10.5s
#5 sha256:02ba7daa58b611ed94c8be35617179d4c23f2697ad7c68d96c0de753049fc5f5 7.34MB / 14.94MB 10.8s
#5 sha256:02ba7daa58b611ed94c8be35617179d4c23f2697ad7c68d96c0de753049fc5f5 8.39MB / 14.94MB 11.7s
#5 sha256:59e22667830bf04fb35e15ed9c70023e9d121719bb87f0db7f3159ee7c7e0b8d 11.53MB / 28.23MB 12.0s
#5 sha256:02ba7daa58b611ed94c8be35617179d4c23f2697ad7c68d96c0de753049fc5f5 9.44MB / 14.94MB 12.8s
#5 sha256:59e22667830bf04fb35e15ed9c70023e9d121719bb87f0db7f3159ee7c7e0b8d 13.63MB / 28.23MB 13.1s
#5 sha256:02ba7daa58b611ed94c8be35617179d4c23f2697ad7c68d96c0de753049fc5f5 10.49MB / 14.94MB 13.7s
#5 sha256:59e22667830bf04fb35e15ed9c70023e9d121719bb87f0db7f3159ee7c7e0b8d 15.73MB / 28.23MB 14.7s
#5 sha256:02ba7daa58b611ed94c8be35617179d4c23f2697ad7c68d96c0de753049fc5f5 11.53MB / 14.94MB 14.9s
#5 sha256:02ba7daa58b611ed94c8be35617179d4c23f2697ad7c68d96c0de753049fc5f5 12.58MB / 14.94MB 17.6s
#5 sha256:59e22667830bf04fb35e15ed9c70023e9d121719bb87f0db7f3159ee7c7e0b8d 17.83MB / 28.23MB 17.6s
#5 sha256:59e22667830bf04fb35e15ed9c70023e9d121719bb87f0db7f3159ee7c7e0b8d 19.92MB / 28.23MB 19.2s
#5 sha256:02ba7daa58b611ed94c8be35617179d4c23f2697ad7c68d96c0de753049fc5f5 13.63MB / 14.94MB 19.7s
#5 sha256:59e22667830bf04fb35e15ed9c70023e9d121719bb87f0db7f3159ee7c7e0b8d 22.02MB / 28.23MB 21.0s
#5 sha256:02ba7daa58b611ed94c8be35617179d4c23f2697ad7c68d96c0de753049fc5f5 14.68MB / 14.94MB 21.3s
#5 sha256:02ba7daa58b611ed94c8be35617179d4c23f2697ad7c68d96c0de753049fc5f5 14.94MB / 14.94MB 21.6s done
#5 sha256:59e22667830bf04fb35e15ed9c70023e9d121719bb87f0db7f3159ee7c7e0b8d 24.12MB / 28.23MB 22.1s
#5 sha256:59e22667830bf04fb35e15ed9c70023e9d121719bb87f0db7f3159ee7c7e0b8d 26.21MB / 28.23MB 23.1s
#5 sha256:59e22667830bf04fb35e15ed9c70023e9d121719bb87f0db7f3159ee7c7e0b8d 28.23MB / 28.23MB 23.9s
#5 sha256:59e22667830bf04fb35e15ed9c70023e9d121719bb87f0db7f3159ee7c7e0b8d 28.23MB / 28.23MB 23.9s done
#5 extracting sha256:59e22667830bf04fb35e15ed9c70023e9d121719bb87f0db7f3159ee7c7e0b8d
#5 extracting sha256:59e22667830bf04fb35e15ed9c70023e9d121719bb87f0db7f3159ee7c7e0b8d 1.6s done
#5 DONE 26.2s

#5 [1/6] FROM docker.io/library/python:3.9-slim@sha256:4b826e2ca2191c24a03bdbf0c342a73c6ee4ce929eac5ebc47fef78f66b839d6
#5 extracting sha256:91067d9e380715f9eefb1d983fd5bd87963b4e1f4ebff09f171db071138341f8
#5 extracting sha256:91067d9e380715f9eefb1d983fd5bd87963b4e1f4ebff09f171db071138341f8 0.3s done
#5 extracting sha256:02ba7daa58b611ed94c8be35617179d4c23f2697ad7c68d96c0de753049fc5f5
#5 extracting sha256:02ba7daa58b611ed94c8be35617179d4c23f2697ad7c68d96c0de753049fc5f5 0.9s done
#5 DONE 27.3s

#5 [1/6] FROM docker.io/library/python:3.9-slim@sha256:4b826e2ca2191c24a03bdbf0c342a73c6ee4ce929eac5ebc47fef78f66b839d6
#5 extracting sha256:58b24570cdddb5b19c3f0b31392902adec6f970f3522b1253d83e35cf68a3482 0.0s done
#5 DONE 27.4s

#6 [2/6] RUN apt-get update && apt-get install -y     build-essential     curl     && rm -rf /var/lib/apt/lists/*
#6 3.398 Get:1 http://deb.debian.org/debian bookworm InRelease [151 kB]
#6 6.781 Get:2 http://deb.debian.org/debian bookworm-updates InRelease [55.4 kB]
#6 10.53 Get:3 http://deb.debian.org/debian-security bookworm-security InRelease [48.0 kB]
#6 13.94 Get:4 http://deb.debian.org/debian bookworm/main amd64 Packages [8793 kB]
