=== OBELISK HYPERION EMERGENCY REPAIR ===
Ì¥ß [1/3] Fixing network...Access denied. Option -c requires administrative privileges.
bash: /etc/resolv.conf: Permission denied
Access denied. Option -c requires administrative privileges.
‚ùå Network unreachable
DONE
Ì≥¶ [2/3] Installing dependencies...  % Total    % Received % Xferd  Average Speed   Time    Time     Time  Current
                                 Dload  Upload   Total   Spent    Left  Speed
  0     0    0     0    0     0      0      0 --:--:-- --:--:-- --:--:--     0  0     0    0     0    0     0      0      0 --:--:-- --:--:-- --:--:--     0  0     0    0     0    0     0      0      0 --:--:--  0:00:01 --:--:--     0  0     0    0     0    0     0      0      0 --:--:--  0:00:02 --:--:--     0100   162  100   162    0     0     48      0  0:00:03  0:00:03 --:--:--    48
  0     0    0     0    0     0      0      0 --:--:--  0:00:03 --:--:--     0  0     0    0     0    0     0      0      0 --:--:--  0:00:05 --:--:--     0100  1739  100  1739    0     0    282      0  0:00:06  0:00:06 --:--:--   725100  1739  100  1739    0     0    282      0  0:00:06  0:00:06 --:--:--   725
  % Total    % Received % Xferd  Average Speed   Time    Time     Time  Current
                                 Dload  Upload   Total   Spent    Left  Speed
  0     0    0     0    0     0      0      0 --:--:-- --:--:-- --:--:--     0  0     0    0     0    0     0      0      0 --:--:-- --:--:-- --:--:--     0  0     0    0     0    0     0      0      0 --:--:--  0:00:01 --:--:--     0  0     0    0     0    0     0      0      0 --:--:--  0:00:02 --:--:--     0  0     0    0     0    0     0      0      0 --:--:--  0:00:03 --:--:--     0100   154  100   154    0     0     33      0  0:00:04  0:00:04 --:--:--    33100   154  100   154    0     0     33      0  0:00:04  0:00:04 --:--:--    39
[node.zip]
  End-of-central-directory signature not found.  Either this file is not
  a zipfile, or it constitutes one disk of a multi-part archive.  In the
  latter case the central directory and zipfile comment will be found on
  the last disk(s) of this archive.
unzip:  cannot find zipfile directory in one of node.zip or
        node.zip.zip, and cannot find node.zip.ZIP, period.
info: downloading installer
warn: Not enforcing strong cipher suites for TLS, this is potentially less secure
warn: It looks like you have an existing rustup settings file at:
warn: C:\Users\op\.rustup\settings.toml
warn: Rustup will install the default toolchain as specified in the settings file,
warn: instead of the one inferred from the default host triple.
warn: installing msvc toolchain without its prerequisites
info: profile set to 'default'
info: default host triple is x86_64-pc-windows-msvc
info: syncing channel updates for 'stable-x86_64-pc-windows-msvc'
info: latest update on 2025-06-26, rust version 1.88.0 (6b00bc388 2025-06-23)
info: downloading component 'cargo'
info: downloading component 'clippy'
info: downloading component 'rust-docs'
info: downloading component 'rust-std'
error: component download failed for rust-std-x86_64-pc-windows-msvc: could not rename downloaded file from 'C:\Users\op\.rustup\downloads\6b65df769259ad18428271aea110ec1a5027e922f3e36d77923dc69a38ff6318.partial' to 'C:\Users\op\.rustup\downloads\6b65df769259ad18428271aea110ec1a5027e922f3e36d77923dc69a38ff6318': The system cannot find the file specified. (os error 2)
bash: /c/Users/op/.cargo/env: No such file or directory
info: syncing channel updates for 'stable-x86_64-pc-windows-msvc'
info: latest update on 2025-06-26, rust version 1.88.0 (6b00bc388 2025-06-23)
info: downloading component 'cargo'
info: downloading component 'clippy'
info: downloading component 'rust-docs'
info: downloading component 'rust-std'
info: downloading component 'rustc'
error: component download failed for rustc-x86_64-pc-windows-msvc: could not rename downloaded file from 'C:\Users\op\.rustup\downloads\238616f0a578d6d4c034ffb8897064fa8df68a3823df201df48ab2baf68a639f.partial' to 'C:\Users\op\.rustup\downloads\238616f0a578d6d4c034ffb8897064fa8df68a3823df201df48ab2baf68a639f': The system cannot find the file specified. (os error 2)
FAILED
